**********************************************************

  GGGGGGG     CCCCCCC     H     H     SSSSSSS     M     M
  G           C           H     H     S           MM   MM
  G           C           H     H     S           M M M M
  G  GGGG     C           HHHHHHH     SSSSSSS     M  M  M
  G     G     C           H     H           S     M     M
  G     G     C           H     H           S     M     M
  GGGGGGG     CCCCCCC     H     H     SSSSSSS     M     M

  VERSION 1.0 (Oct 2025)

**********************************************************

Execution of GCHSM begun Mon Oct 27 17:17:50 2025

----------------------------------------------------------
comment out section
----------------------------------------------------------

------
SYSTEM
------
Total number of atoms               3
Number of electrons                10
Charge of system                    0
Spin multiplicity                   1
Number of basis functions          58
Number of occupied orbitals         5


-----------------
VIBRATION OPTIONS
-----------------
Projection of trans/rot: OFF


---------------------
Computational Details
---------------------
Method          HF
DFT functional  -
Basis           cc-pvtz
Dispersion      None

-----------
PCM Details
-----------
SCRF (PCM)       CPCM
Dielectric       80.1510
vdW scale alpha  1.200
Lebedev order    17


*** Start vibrational frequency analysis from freq.out ***

--------------------
HARMONIC FREQUENCIES
--------------------

Mode  Frequency(cm-1)  Note
---------------------------
   1       1.20  low
   2       6.81  low
   3       8.74  low
   4     636.09  
   5     530.85  
   6     646.82  
   7    1775.53  
   8    3575.17  
   9    3767.97  
---------------------------

-----------------------------
Thermochemistry at 50.00 K
-----------------------------

Temperature      : 50.00  K
Pressure         : 1.00    atm
Total Mass       : 18.015  Amu

---------------
Internal energy
---------------

E(vib)  :      54.54 kJ/mol      13.04 kcal/mol
E(rot)  :       5.42 kJ/mol       1.30 kcal/mol
E(trans):       0.63 kJ/mol       0.15 kcal/mol
Total E :      60.59 kJ/mol      14.48 kcal/mol

-------
Entropy
-------

S(vib)  :    0.00000 kJ/mol/K
S(rot)  :    0.00000 kJ/mol/K
S(trans):    0.07802 kJ/mol/K
Total S :    0.07802 kJ/mol/K

-----------------------------
Thermochemistry at 100.00 K
-----------------------------

Temperature      : 100.00  K
Pressure         : 1.00    atm
Total Mass       : 18.015  Amu

---------------
Internal energy
---------------

E(vib)  :      54.54 kJ/mol      13.04 kcal/mol
E(rot)  :       5.43 kJ/mol       1.30 kcal/mol
E(trans):       1.25 kJ/mol       0.30 kcal/mol
Total E :      61.22 kJ/mol      14.63 kcal/mol

-------
Entropy
-------

S(vib)  :    0.00000 kJ/mol/K
S(rot)  :    0.00005 kJ/mol/K
S(trans):    0.09528 kJ/mol/K
Total S :    0.09533 kJ/mol/K

-----------------------------
Thermochemistry at 150.00 K
-----------------------------

Temperature      : 150.00  K
Pressure         : 1.00    atm
Total Mass       : 18.015  Amu

---------------
Internal energy
---------------

E(vib)  :      54.54 kJ/mol      13.04 kcal/mol
E(rot)  :       5.46 kJ/mol       1.31 kcal/mol
E(trans):       1.87 kJ/mol       0.45 kcal/mol
Total E :      61.87 kJ/mol      14.79 kcal/mol

-------
Entropy
-------

S(vib)  :    0.00000 kJ/mol/K
S(rot)  :    0.00057 kJ/mol/K
S(trans):    0.10539 kJ/mol/K
Total S :    0.10596 kJ/mol/K

-----------------------------
Thermochemistry at 200.00 K
-----------------------------

Temperature      : 200.00  K
Pressure         : 1.00    atm
Total Mass       : 18.015  Amu

---------------
Internal energy
---------------

E(vib)  :      54.54 kJ/mol      13.04 kcal/mol
E(rot)  :       5.57 kJ/mol       1.33 kcal/mol
E(trans):       2.49 kJ/mol       0.60 kcal/mol
Total E :      62.61 kJ/mol      14.96 kcal/mol

-------
Entropy
-------

S(vib)  :    0.00000 kJ/mol/K
S(rot)  :    0.00183 kJ/mol/K
S(trans):    0.11256 kJ/mol/K
Total S :    0.11440 kJ/mol/K

-----------------------------
Thermochemistry at 250.00 K
-----------------------------

Temperature      : 250.00  K
Pressure         : 1.00    atm
Total Mass       : 18.015  Amu

---------------
Internal energy
---------------

E(vib)  :      54.54 kJ/mol      13.04 kcal/mol
E(rot)  :       5.78 kJ/mol       1.38 kcal/mol
E(trans):       3.12 kJ/mol       0.75 kcal/mol
Total E :      63.44 kJ/mol      15.16 kcal/mol

-------
Entropy
-------

S(vib)  :    0.00000 kJ/mol/K
S(rot)  :    0.00365 kJ/mol/K
S(trans):    0.11813 kJ/mol/K
Total S :    0.12178 kJ/mol/K

-----------------------------
Thermochemistry at 300.00 K
-----------------------------

Temperature      : 300.00  K
Pressure         : 1.00    atm
Total Mass       : 18.015  Amu

---------------
Internal energy
---------------

E(vib)  :      54.55 kJ/mol      13.04 kcal/mol
E(rot)  :       6.07 kJ/mol       1.45 kcal/mol
E(trans):       3.74 kJ/mol       0.89 kcal/mol
Total E :      64.35 kJ/mol      15.38 kcal/mol

-------
Entropy
-------

S(vib)  :    0.00002 kJ/mol/K
S(rot)  :    0.00574 kJ/mol/K
S(trans):    0.12268 kJ/mol/K
Total S :    0.12843 kJ/mol/K


Execution of GCHSM terminated normally Mon Oct 27 17:17:50 2025