**********************************************************

  GGGGGGG     CCCCCCC     H     H     SSSSSSS     M     M
  G           C           H     H     S           MM   MM
  G           C           H     H     S           M M M M
  G  GGGG     C           HHHHHHH     SSSSSSS     M  M  M
  G     G     C           H     H           S     M     M
  G     G     C           H     H           S     M     M
  GGGGGGG     CCCCCCC     H     H     SSSSSSS     M     M

  VERSION 1.0 (Oct 2025)

**********************************************************

Execution of GCHSM begun Mon Oct 27 17:22:10 2025

----------------------------------------------------------
single point calculation
----------------------------------------------------------

------
SYSTEM
------
Total number of atoms               3
Number of electrons                10
Charge of system                    0
Spin multiplicity                   1
Number of basis functions          58
Number of occupied orbitals         5


---------------------
Computational Details
---------------------
Method          STO-3G
DFT functional  -
Basis           cc-pvtz
Dispersion      None

-----------
PCM Details
-----------
SCRF (PCM)       CPCM
Dielectric       80.1510
vdW scale alpha  1.200
Lebedev order    17


*** Start single point energy calculation ***

Execution of GCHSM terminated with error Mon Oct 27 17:22:10 2025

!!! Error termination detected !!!

Detail:
Traceback (most recent call last):
  File "/home/hashimoto/04_package/gchsm/main.py", line 240, in main
    mf  = build_scf(mol, method=scf_method, dfttyp=dfttyp)
          ^^^^^^^^^^^^^^^^^^^^^^^^^^^^^^^^^^^^^^^^^^^^^^^^
  File "/home/hashimoto/04_package/gchsm/driver/method.py", line 137, in build_scf
    raise ValueError(f"Unknown METHOD: {method!r} (expected 'HF' or 'DFT')")
ValueError: Unknown METHOD: 'sto-3g' (expected 'HF' or 'DFT')
